  Проверка исходных файлов
  Удаленное копирование исходных файлов в "10.177.200.126"
  Проверка архитектуры
  Проверка архитектуры
  Запуск удаленной сборки.
  Компиляция исходных файлов:
  main.cpp
D:\Program Files (x86)\project\GATE_DTS_EMT_1.0\main.cpp(82,5): warning : "/*" within comment [-Wcomment]
D:\Program Files (x86)\project\GATE_DTS_EMT_1.0\main.cpp(82,5): warning :      /*for (int i = 0; i < 100; i++)
D:\Program Files (x86)\project\GATE_DTS_EMT_1.0\main.cpp(82,5): warning :      ^
D:\Program Files (x86)\project\GATE_DTS_EMT_1.0\main.cpp(145,5): warning : "/*" within comment [-Wcomment]
D:\Program Files (x86)\project\GATE_DTS_EMT_1.0\main.cpp(145,5): warning :      /*pthread_mutex_lock(&mut);
D:\Program Files (x86)\project\GATE_DTS_EMT_1.0\main.cpp(145,5): warning :      ^
D:\Program Files (x86)\project\GATE_DTS_EMT_1.0\tcpgateL.h(78,35): warning : no return statement in function returning non-void [-Wreturn-type]
D:\Program Files (x86)\project\GATE_DTS_EMT_1.0\tcpgateL.h(78,35): warning :   TypeData virtual infotypedata() {};
D:\Program Files (x86)\project\GATE_DTS_EMT_1.0\tcpgateL.h(78,35): warning :                                    ^
D:\Program Files (x86)\project\GATE_DTS_EMT_1.0\tcpgateL.h(79,39): warning : no return statement in function returning non-void [-Wreturn-type]
D:\Program Files (x86)\project\GATE_DTS_EMT_1.0\tcpgateL.h(79,39): warning :   TypeSignal virtual infotypesignal() {};
D:\Program Files (x86)\project\GATE_DTS_EMT_1.0\tcpgateL.h(79,39): warning :                                        ^
D:\Program Files (x86)\project\GATE_DTS_EMT_1.0\PPDClient.h(24,7): warning : unused variable ‘channel’ [-Wunused-variable]
D:\Program Files (x86)\project\GATE_DTS_EMT_1.0\PPDClient.h(24,7): warning :    int channel = 0;
D:\Program Files (x86)\project\GATE_DTS_EMT_1.0\PPDClient.h(24,7): warning :        ^
D:\Program Files (x86)\project\GATE_DTS_EMT_1.0\main.cpp(139,70): warning : ‘sig’ may be used uninitialized in this function [-Wmaybe-uninitialized]
D:\Program Files (x86)\project\GATE_DTS_EMT_1.0\main.cpp(139,70): warning :              (*item)->initpointbuffer((char*)ppdcl->TakeInfoForReadPDD(sig).buf);
D:\Program Files (x86)\project\GATE_DTS_EMT_1.0\main.cpp(139,70): warning :                                                                       ^
D:\Program Files (x86)\project\GATE_DTS_EMT_1.0\PPDClient.h(95,13): warning : ‘int FuncRcvPPD(void*, Value&, int32_t)’ declared ‘static’ but never defined [-Wunused-function]
D:\Program Files (x86)\project\GATE_DTS_EMT_1.0\PPDClient.h(95,13): warning :   friend int FuncRcvPPD(void* argPtr, Value& value, int32_t chnlId);
D:\Program Files (x86)\project\GATE_DTS_EMT_1.0\PPDClient.h(95,13): warning :              ^
  PPDClient.cpp
D:\Program Files (x86)\project\GATE_DTS_EMT_1.0\PPDClient.h(24,7): warning : unused variable ‘channel’ [-Wunused-variable]
D:\Program Files (x86)\project\GATE_DTS_EMT_1.0\PPDClient.h(24,7): warning :    int channel = 0;
D:\Program Files (x86)\project\GATE_DTS_EMT_1.0\PPDClient.h(24,7): warning :        ^
D:\Program Files (x86)\project\GATE_DTS_EMT_1.0\PPDClient.cpp(112,41): warning : comparison between signed and unsigned integer expressions [-Wsign-compare]
D:\Program Files (x86)\project\GATE_DTS_EMT_1.0\PPDClient.cpp(112,41): warning :              if (str_info.find("Analog") != -1)
D:\Program Files (x86)\project\GATE_DTS_EMT_1.0\PPDClient.cpp(112,41): warning :                                          ^
D:\Program Files (x86)\project\GATE_DTS_EMT_1.0\PPDClient.cpp(114,44): warning : comparison between signed and unsigned integer expressions [-Wsign-compare]
D:\Program Files (x86)\project\GATE_DTS_EMT_1.0\PPDClient.cpp(114,44): warning :                  if (str_info.find("Input") != -1)
D:\Program Files (x86)\project\GATE_DTS_EMT_1.0\PPDClient.cpp(114,44): warning :                                             ^
D:\Program Files (x86)\project\GATE_DTS_EMT_1.0\PPDClient.cpp(119,50): warning : comparison between signed and unsigned integer expressions [-Wsign-compare]
D:\Program Files (x86)\project\GATE_DTS_EMT_1.0\PPDClient.cpp(119,50): warning :                  else if (str_info.find("Output") != -1)
D:\Program Files (x86)\project\GATE_DTS_EMT_1.0\PPDClient.cpp(119,50): warning :                                                   ^
D:\Program Files (x86)\project\GATE_DTS_EMT_1.0\PPDClient.cpp(126,48): warning : comparison between signed and unsigned integer expressions [-Wsign-compare]
D:\Program Files (x86)\project\GATE_DTS_EMT_1.0\PPDClient.cpp(126,48): warning :              else if (str_info.find("Discrete") != -1)
D:\Program Files (x86)\project\GATE_DTS_EMT_1.0\PPDClient.cpp(126,48): warning :                                                 ^
D:\Program Files (x86)\project\GATE_DTS_EMT_1.0\PPDClient.cpp(128,44): warning : comparison between signed and unsigned integer expressions [-Wsign-compare]
D:\Program Files (x86)\project\GATE_DTS_EMT_1.0\PPDClient.cpp(128,44): warning :                  if (str_info.find("Input") != -1)
D:\Program Files (x86)\project\GATE_DTS_EMT_1.0\PPDClient.cpp(128,44): warning :                                             ^
D:\Program Files (x86)\project\GATE_DTS_EMT_1.0\PPDClient.cpp(134,50): warning : comparison between signed and unsigned integer expressions [-Wsign-compare]
D:\Program Files (x86)\project\GATE_DTS_EMT_1.0\PPDClient.cpp(134,50): warning :                  else if (str_info.find("Output") != -1)
D:\Program Files (x86)\project\GATE_DTS_EMT_1.0\PPDClient.cpp(134,50): warning :                                                   ^
D:\Program Files (x86)\project\GATE_DTS_EMT_1.0\PPDClient.cpp(141,45): warning : comparison between signed and unsigned integer expressions [-Wsign-compare]
D:\Program Files (x86)\project\GATE_DTS_EMT_1.0\PPDClient.cpp(141,45): warning :              else if (str_info.find("Group") != -1)
D:\Program Files (x86)\project\GATE_DTS_EMT_1.0\PPDClient.cpp(141,45): warning :                                              ^
D:\Program Files (x86)\project\GATE_DTS_EMT_1.0\PPDClient.cpp(143,44): warning : comparison between signed and unsigned integer expressions [-Wsign-compare]
D:\Program Files (x86)\project\GATE_DTS_EMT_1.0\PPDClient.cpp(143,44): warning :                  if (str_info.find("Input") != -1)
D:\Program Files (x86)\project\GATE_DTS_EMT_1.0\PPDClient.cpp(143,44): warning :                                             ^
D:\Program Files (x86)\project\GATE_DTS_EMT_1.0\PPDClient.cpp(149,50): warning : comparison between signed and unsigned integer expressions [-Wsign-compare]
D:\Program Files (x86)\project\GATE_DTS_EMT_1.0\PPDClient.cpp(149,50): warning :                  else if (str_info.find("Output") != -1)
D:\Program Files (x86)\project\GATE_DTS_EMT_1.0\PPDClient.cpp(149,50): warning :                                                   ^
D:\Program Files (x86)\project\GATE_DTS_EMT_1.0\PPDClient.cpp(156,45): warning : comparison between signed and unsigned integer expressions [-Wsign-compare]
D:\Program Files (x86)\project\GATE_DTS_EMT_1.0\PPDClient.cpp(156,45): warning :              else if (str_info.find("Binar") != -1)
D:\Program Files (x86)\project\GATE_DTS_EMT_1.0\PPDClient.cpp(156,45): warning :                                              ^
D:\Program Files (x86)\project\GATE_DTS_EMT_1.0\PPDClient.cpp(158,44): warning : comparison between signed and unsigned integer expressions [-Wsign-compare]
D:\Program Files (x86)\project\GATE_DTS_EMT_1.0\PPDClient.cpp(158,44): warning :                  if (str_info.find("Input") != -1)
D:\Program Files (x86)\project\GATE_DTS_EMT_1.0\PPDClient.cpp(158,44): warning :                                             ^
D:\Program Files (x86)\project\GATE_DTS_EMT_1.0\PPDClient.cpp(164,50): warning : comparison between signed and unsigned integer expressions [-Wsign-compare]
D:\Program Files (x86)\project\GATE_DTS_EMT_1.0\PPDClient.cpp(164,50): warning :                  else if (str_info.find("Output") != -1)
D:\Program Files (x86)\project\GATE_DTS_EMT_1.0\PPDClient.cpp(164,50): warning :                                                   ^
D:\Program Files (x86)\project\GATE_DTS_EMT_1.0\PPDClient.cpp(368,16): warning : conversion to ‘char’ from ‘int32_t {aka int}’ may alter its value [-Wconversion]
D:\Program Files (x86)\project\GATE_DTS_EMT_1.0\PPDClient.cpp(368,16): warning :          *ibufc = (dataPtr->value);
D:\Program Files (x86)\project\GATE_DTS_EMT_1.0\PPDClient.cpp(368,16): warning :                 ^
D:\Program Files (x86)\project\GATE_DTS_EMT_1.0\PPDClient.cpp(399,27): warning : comparison between signed and unsigned integer expressions [-Wsign-compare]
D:\Program Files (x86)\project\GATE_DTS_EMT_1.0\PPDClient.cpp(399,27): warning :          if (dataPtr->size > gate->SizeGroupDataOut)
D:\Program Files (x86)\project\GATE_DTS_EMT_1.0\PPDClient.cpp(399,27): warning :                            ^
D:\Program Files (x86)\project\GATE_DTS_EMT_1.0\PPDClient.cpp(427,27): warning : comparison between signed and unsigned integer expressions [-Wsign-compare]
D:\Program Files (x86)\project\GATE_DTS_EMT_1.0\PPDClient.cpp(427,27): warning :          for (int i = 0; i < dataPtr->size; i++)
D:\Program Files (x86)\project\GATE_DTS_EMT_1.0\PPDClient.cpp(427,27): warning :                            ^
D:\Program Files (x86)\project\GATE_DTS_EMT_1.0\PPDClient.cpp(476,18): warning : conversion to ‘float’ from ‘double’ may alter its value [-Wfloat-conversion]
D:\Program Files (x86)\project\GATE_DTS_EMT_1.0\PPDClient.cpp(476,18): warning :              time = (timenow.tv_sec * 1000. + timenow.tv_usec / 1000.) - (timeanaloglast.tv_sec * 1000. + timeanaloglast.tv_usec / 1000.);
D:\Program Files (x86)\project\GATE_DTS_EMT_1.0\PPDClient.cpp(476,18): warning :                   ^
D:\Program Files (x86)\project\GATE_DTS_EMT_1.0\PPDClient.cpp(501,18): warning : conversion to ‘float’ from ‘double’ may alter its value [-Wfloat-conversion]
D:\Program Files (x86)\project\GATE_DTS_EMT_1.0\PPDClient.cpp(501,18): warning :              time = (timenow.tv_sec * 1000. + timenow.tv_usec / 1000.) - (timediscretelast.tv_sec * 1000. + timediscretelast.tv_usec / 1000.);
D:\Program Files (x86)\project\GATE_DTS_EMT_1.0\PPDClient.cpp(501,18): warning :                   ^
D:\Program Files (x86)\project\GATE_DTS_EMT_1.0\PPDClient.cpp(525,18): warning : conversion to ‘float’ from ‘double’ may alter its value [-Wfloat-conversion]
D:\Program Files (x86)\project\GATE_DTS_EMT_1.0\PPDClient.cpp(525,18): warning :              time = (timenow.tv_sec * 1000. + timenow.tv_usec / 1000.) - (timebinarlast.tv_sec * 1000. + timebinarlast.tv_usec / 1000.);
D:\Program Files (x86)\project\GATE_DTS_EMT_1.0\PPDClient.cpp(525,18): warning :                   ^
D:\Program Files (x86)\project\GATE_DTS_EMT_1.0\PPDClient.cpp(550,18): warning : conversion to ‘float’ from ‘double’ may alter its value [-Wfloat-conversion]
D:\Program Files (x86)\project\GATE_DTS_EMT_1.0\PPDClient.cpp(550,18): warning :              time = (timenow.tv_sec * 1000. + timenow.tv_usec / 1000.) - (timegrouplast.tv_sec * 1000. + timegrouplast.tv_usec / 1000.);
D:\Program Files (x86)\project\GATE_DTS_EMT_1.0\PPDClient.cpp(550,18): warning :                   ^
D:\Program Files (x86)\project\GATE_DTS_EMT_1.0\PPDClient.cpp(458,10): warning : unused variable ‘fc’ [-Wunused-variable]
D:\Program Files (x86)\project\GATE_DTS_EMT_1.0\PPDClient.cpp(458,10): warning :      char fc;
D:\Program Files (x86)\project\GATE_DTS_EMT_1.0\PPDClient.cpp(458,10): warning :           ^
  tcpgateL.cpp
D:\Program Files (x86)\project\GATE_DTS_EMT_1.0\tcpgateL.h(78,35): warning : no return statement in function returning non-void [-Wreturn-type]
D:\Program Files (x86)\project\GATE_DTS_EMT_1.0\tcpgateL.h(78,35): warning :   TypeData virtual infotypedata() {};
D:\Program Files (x86)\project\GATE_DTS_EMT_1.0\tcpgateL.h(78,35): warning :                                    ^
D:\Program Files (x86)\project\GATE_DTS_EMT_1.0\tcpgateL.h(79,39): warning : no return statement in function returning non-void [-Wreturn-type]
D:\Program Files (x86)\project\GATE_DTS_EMT_1.0\tcpgateL.h(79,39): warning :   TypeSignal virtual infotypesignal() {};
D:\Program Files (x86)\project\GATE_DTS_EMT_1.0\tcpgateL.h(79,39): warning :                                        ^
D:\Program Files (x86)\project\GATE_DTS_EMT_1.0\tcpgateL.cpp(112,40): warning : comparison between signed and unsigned integer expressions [-Wsign-compare]
D:\Program Files (x86)\project\GATE_DTS_EMT_1.0\tcpgateL.cpp(112,40): warning :              if (str_info.find("Input") != -1)
D:\Program Files (x86)\project\GATE_DTS_EMT_1.0\tcpgateL.cpp(112,40): warning :                                         ^
D:\Program Files (x86)\project\GATE_DTS_EMT_1.0\tcpgateL.cpp(116,46): warning : comparison between signed and unsigned integer expressions [-Wsign-compare]
D:\Program Files (x86)\project\GATE_DTS_EMT_1.0\tcpgateL.cpp(116,46): warning :              else if (str_info.find("Output") != -1)
D:\Program Files (x86)\project\GATE_DTS_EMT_1.0\tcpgateL.cpp(116,46): warning :                                               ^
D:\Program Files (x86)\project\GATE_DTS_EMT_1.0\tcpgateL.cpp(126,43): warning : comparison between signed and unsigned integer expressions [-Wsign-compare]
D:\Program Files (x86)\project\GATE_DTS_EMT_1.0\tcpgateL.cpp(126,43): warning :              if (str_info.find("Discrete") != -1)
D:\Program Files (x86)\project\GATE_DTS_EMT_1.0\tcpgateL.cpp(126,43): warning :                                            ^
D:\Program Files (x86)\project\GATE_DTS_EMT_1.0\tcpgateL.cpp(130,46): warning : comparison between signed and unsigned integer expressions [-Wsign-compare]
D:\Program Files (x86)\project\GATE_DTS_EMT_1.0\tcpgateL.cpp(130,46): warning :              else if (str_info.find("Analog") != -1)
D:\Program Files (x86)\project\GATE_DTS_EMT_1.0\tcpgateL.cpp(130,46): warning :                                               ^
D:\Program Files (x86)\project\GATE_DTS_EMT_1.0\tcpgateL.cpp(134,45): warning : comparison between signed and unsigned integer expressions [-Wsign-compare]
D:\Program Files (x86)\project\GATE_DTS_EMT_1.0\tcpgateL.cpp(134,45): warning :              else if (str_info.find("Binar") != -1)
D:\Program Files (x86)\project\GATE_DTS_EMT_1.0\tcpgateL.cpp(134,45): warning :                                              ^
D:\Program Files (x86)\project\GATE_DTS_EMT_1.0\tcpgateL.cpp(138,45): warning : comparison between signed and unsigned integer expressions [-Wsign-compare]
D:\Program Files (x86)\project\GATE_DTS_EMT_1.0\tcpgateL.cpp(138,45): warning :              else if (str_info.find("Group") != -1)
D:\Program Files (x86)\project\GATE_DTS_EMT_1.0\tcpgateL.cpp(138,45): warning :                                              ^
D:\Program Files (x86)\project\GATE_DTS_EMT_1.0\tcpgateL.cpp(243,16): warning : comparison between signed and unsigned integer expressions [-Wsign-compare]
D:\Program Files (x86)\project\GATE_DTS_EMT_1.0\tcpgateL.cpp(243,16): warning :      if (number > listinfo.size())
D:\Program Files (x86)\project\GATE_DTS_EMT_1.0\tcpgateL.cpp(243,16): warning :                 ^
D:\Program Files (x86)\project\GATE_DTS_EMT_1.0\tcpgateL.cpp(302,10): warning : unused variable ‘num_send’ [-Wunused-variable]
D:\Program Files (x86)\project\GATE_DTS_EMT_1.0\tcpgateL.cpp(302,10): warning :      char num_send = 0;
D:\Program Files (x86)\project\GATE_DTS_EMT_1.0\tcpgateL.cpp(302,10): warning :           ^
D:\Program Files (x86)\project\GATE_DTS_EMT_1.0\tcpgateL.cpp(772,32): warning : comparison between signed and unsigned integer expressions [-Wsign-compare]
D:\Program Files (x86)\project\GATE_DTS_EMT_1.0\tcpgateL.cpp(772,32): warning :                  if (count_recv >= size_data_recv) break;
D:\Program Files (x86)\project\GATE_DTS_EMT_1.0\tcpgateL.cpp(772,32): warning :                                 ^
D:\Program Files (x86)\project\GATE_DTS_EMT_1.0\tcpgateL.cpp(262,1): warning : control reaches end of non-void function [-Wreturn-type]
D:\Program Files (x86)\project\GATE_DTS_EMT_1.0\tcpgateL.cpp(262,1): warning :  }
D:\Program Files (x86)\project\GATE_DTS_EMT_1.0\tcpgateL.cpp(262,1): warning :  ^
  Связывание объектов
  GATE_DTS_EMT_1.0.vcxproj -> D:\Program Files (x86)\project\GATE_DTS_EMT_1.0\bin\x86\Release\GATE_DTS_EMT_1.0.out
